<?xml version="1.0" encoding="UTF-8"?>
<robot generator="Robot 4.1.3 (Python 3.7.4 on win32)" generated="20220108 03:37:29.126" rpa="false" schemaversion="2">
<suite id="s1" name="LoginPage" source="C:\Users\ASUS\Documents\AutomateTest\Swaglab_python\LoginPage.robot">
<test id="s1-t1" name="Check defualt">
<kw name="Open browser of website">
<arg>${URL}</arg>
<arg>${Browser}</arg>
<kw name="Open Browser" library="SeleniumLibrary">
<arg>${URL}</arg>
<arg>${Browser}</arg>
<doc>Opens a new browser instance to the optional ``url``.</doc>
<msg timestamp="20220108 03:37:29.376" level="INFO">Opening browser 'chrome' to base url 'https://www.saucedemo.com/'.</msg>
<status status="PASS" starttime="20220108 03:37:29.376" endtime="20220108 03:37:34.601"/>
</kw>
<status status="PASS" starttime="20220108 03:37:29.375" endtime="20220108 03:37:34.602"/>
</kw>
<kw name="Check empty input">
<kw name="Textfield Value Should Be" library="SeleniumLibrary">
<arg>id:user-name</arg>
<arg>${EMPTY}</arg>
<doc>Verifies text field ``locator`` has exactly text ``expected``.</doc>
<msg timestamp="20220108 03:37:34.649" level="INFO">Content of text field 'id:user-name' is ''.</msg>
<status status="PASS" starttime="20220108 03:37:34.603" endtime="20220108 03:37:34.649"/>
</kw>
<kw name="Textfield Value Should Be" library="SeleniumLibrary">
<arg>id:password</arg>
<arg>${EMPTY}</arg>
<doc>Verifies text field ``locator`` has exactly text ``expected``.</doc>
<msg timestamp="20220108 03:37:34.681" level="INFO">Content of text field 'id:password' is ''.</msg>
<status status="PASS" starttime="20220108 03:37:34.649" endtime="20220108 03:37:34.681"/>
</kw>
<status status="PASS" starttime="20220108 03:37:34.602" endtime="20220108 03:37:34.681"/>
</kw>
<status status="PASS" starttime="20220108 03:37:29.364" endtime="20220108 03:37:34.682"/>
</test>
<test id="s1-t2" name="Response text for validate field">
<kw name="Validate field username">
<kw name="Click Element" library="SeleniumLibrary">
<arg>id:login-button</arg>
<doc>Click the element identified by ``locator``.</doc>
<msg timestamp="20220108 03:37:34.684" level="INFO">Clicking element 'id:login-button'.</msg>
<status status="PASS" starttime="20220108 03:37:34.684" endtime="20220108 03:37:34.745"/>
</kw>
<kw name="Get Text" library="SeleniumLibrary">
<var>${Text_error}</var>
<arg>xpath://*[@data-test="error"]</arg>
<doc>Returns the text value of the element identified by ``locator``.</doc>
<msg timestamp="20220108 03:37:34.772" level="INFO">${Text_error} = Epic sadface: Username is required</msg>
<status status="PASS" starttime="20220108 03:37:34.746" endtime="20220108 03:37:34.772"/>
</kw>
<kw name="Should Be Equal As Strings" library="BuiltIn">
<arg>${Text_error}</arg>
<arg>Epic sadface: Username is required</arg>
<doc>Fails if objects are unequal after converting them to strings.</doc>
<status status="PASS" starttime="20220108 03:37:34.773" endtime="20220108 03:37:34.773"/>
</kw>
<status status="PASS" starttime="20220108 03:37:34.684" endtime="20220108 03:37:34.773"/>
</kw>
<kw name="Validate field password">
<kw name="Input Text" library="SeleniumLibrary">
<arg>id:user-name</arg>
<arg>Test_username</arg>
<doc>Types the given ``text`` into the text field identified by ``locator``.</doc>
<msg timestamp="20220108 03:37:34.776" level="INFO">Typing text 'Test_username' into text field 'id:user-name'.</msg>
<status status="PASS" starttime="20220108 03:37:34.776" endtime="20220108 03:37:34.869"/>
</kw>
<kw name="Click Element" library="SeleniumLibrary">
<arg>id:login-button</arg>
<doc>Click the element identified by ``locator``.</doc>
<msg timestamp="20220108 03:37:34.869" level="INFO">Clicking element 'id:login-button'.</msg>
<status status="PASS" starttime="20220108 03:37:34.869" endtime="20220108 03:37:34.896"/>
</kw>
<kw name="Get Text" library="SeleniumLibrary">
<var>${Text_error}</var>
<arg>xpath://*[@data-test="error"]</arg>
<doc>Returns the text value of the element identified by ``locator``.</doc>
<msg timestamp="20220108 03:37:34.908" level="INFO">${Text_error} = Epic sadface: Password is required</msg>
<status status="PASS" starttime="20220108 03:37:34.897" endtime="20220108 03:37:34.908"/>
</kw>
<kw name="Should Be Equal As Strings" library="BuiltIn">
<arg>${Text_error}</arg>
<arg>Epic sadface: Password is required</arg>
<doc>Fails if objects are unequal after converting them to strings.</doc>
<status status="PASS" starttime="20220108 03:37:34.908" endtime="20220108 03:37:34.909"/>
</kw>
<kw name="Clear Element Text" library="SeleniumLibrary">
<arg>id:user-name</arg>
<doc>Clears the value of the text-input-element identified by ``locator``.</doc>
<status status="PASS" starttime="20220108 03:37:34.909" endtime="20220108 03:37:34.932"/>
</kw>
<status status="PASS" starttime="20220108 03:37:34.775" endtime="20220108 03:37:34.932"/>
</kw>
<status status="PASS" starttime="20220108 03:37:34.683" endtime="20220108 03:37:34.933"/>
</test>
<test id="s1-t3" name="login">
<kw name="login fail">
<arg>${Username_accepted}</arg>
<arg>${Password_unaccepted}</arg>
<kw name="Input Text" library="SeleniumLibrary">
<arg>id:user-name</arg>
<arg>${Username}</arg>
<doc>Types the given ``text`` into the text field identified by ``locator``.</doc>
<msg timestamp="20220108 03:37:34.936" level="INFO">Typing text 'standard_user' into text field 'id:user-name'.</msg>
<status status="PASS" starttime="20220108 03:37:34.935" endtime="20220108 03:37:35.011"/>
</kw>
<kw name="Input Text" library="SeleniumLibrary">
<arg>id:password</arg>
<arg>${password}</arg>
<doc>Types the given ``text`` into the text field identified by ``locator``.</doc>
<msg timestamp="20220108 03:37:35.011" level="INFO">Typing text 'wrong_password' into text field 'id:password'.</msg>
<status status="PASS" starttime="20220108 03:37:35.011" endtime="20220108 03:37:35.113"/>
</kw>
<kw name="Click Element" library="SeleniumLibrary">
<arg>id:login-button</arg>
<doc>Click the element identified by ``locator``.</doc>
<msg timestamp="20220108 03:37:35.113" level="INFO">Clicking element 'id:login-button'.</msg>
<status status="PASS" starttime="20220108 03:37:35.113" endtime="20220108 03:37:35.145"/>
</kw>
<kw name="Get Location" library="SeleniumLibrary">
<var>${Current_URL}</var>
<doc>Returns the current browser window URL.</doc>
<msg timestamp="20220108 03:37:35.151" level="INFO">${Current_URL} = https://www.saucedemo.com/</msg>
<status status="PASS" starttime="20220108 03:37:35.145" endtime="20220108 03:37:35.151"/>
</kw>
<kw name="Should Be Equal As Strings" library="BuiltIn">
<arg>${Current_URL}</arg>
<arg>https://www.saucedemo.com/</arg>
<doc>Fails if objects are unequal after converting them to strings.</doc>
<status status="PASS" starttime="20220108 03:37:35.152" endtime="20220108 03:37:35.152"/>
</kw>
<kw name="Get Text" library="SeleniumLibrary">
<var>${Text_error}</var>
<arg>xpath://*[@data-test="error"]</arg>
<doc>Returns the text value of the element identified by ``locator``.</doc>
<msg timestamp="20220108 03:37:35.164" level="INFO">${Text_error} = Epic sadface: Username and password do not match any user in this service</msg>
<status status="PASS" starttime="20220108 03:37:35.152" endtime="20220108 03:37:35.164"/>
</kw>
<kw name="Should Be Equal As Strings" library="BuiltIn">
<arg>${Text_error}</arg>
<arg>Epic sadface: Username and password do not match any user in this service</arg>
<doc>Fails if objects are unequal after converting them to strings.</doc>
<status status="PASS" starttime="20220108 03:37:35.165" endtime="20220108 03:37:35.165"/>
</kw>
<status status="PASS" starttime="20220108 03:37:34.934" endtime="20220108 03:37:35.165"/>
</kw>
<kw name="login Pass">
<arg>${Username_accepted}</arg>
<arg>${Password_accepted}</arg>
<kw name="Input Text" library="SeleniumLibrary">
<arg>id:user-name</arg>
<arg>${Username}</arg>
<doc>Types the given ``text`` into the text field identified by ``locator``.</doc>
<msg timestamp="20220108 03:37:35.166" level="INFO">Typing text 'standard_user' into text field 'id:user-name'.</msg>
<status status="PASS" starttime="20220108 03:37:35.166" endtime="20220108 03:37:35.284"/>
</kw>
<kw name="Input Text" library="SeleniumLibrary">
<arg>id:password</arg>
<arg>${password}</arg>
<doc>Types the given ``text`` into the text field identified by ``locator``.</doc>
<msg timestamp="20220108 03:37:35.285" level="INFO">Typing text 'secret_sauce' into text field 'id:password'.</msg>
<status status="PASS" starttime="20220108 03:37:35.284" endtime="20220108 03:37:35.358"/>
</kw>
<kw name="Click Element" library="SeleniumLibrary">
<arg>id:login-button</arg>
<doc>Click the element identified by ``locator``.</doc>
<msg timestamp="20220108 03:37:35.359" level="INFO">Clicking element 'id:login-button'.</msg>
<status status="PASS" starttime="20220108 03:37:35.358" endtime="20220108 03:37:35.428"/>
</kw>
<kw name="Get Location" library="SeleniumLibrary">
<var>${Current_URL}</var>
<doc>Returns the current browser window URL.</doc>
<msg timestamp="20220108 03:37:35.432" level="INFO">${Current_URL} = https://www.saucedemo.com/inventory.html</msg>
<status status="PASS" starttime="20220108 03:37:35.428" endtime="20220108 03:37:35.432"/>
</kw>
<kw name="Should Be Equal As Strings" library="BuiltIn">
<arg>${Current_URL}</arg>
<arg>https://www.saucedemo.com/inventory.html</arg>
<doc>Fails if objects are unequal after converting them to strings.</doc>
<status status="PASS" starttime="20220108 03:37:35.432" endtime="20220108 03:37:35.433"/>
</kw>
<status status="PASS" starttime="20220108 03:37:35.165" endtime="20220108 03:37:35.433"/>
</kw>
<status status="PASS" starttime="20220108 03:37:34.934" endtime="20220108 03:37:35.433"/>
</test>
<status status="PASS" starttime="20220108 03:37:29.142" endtime="20220108 03:37:35.436"/>
</suite>
<statistics>
<total>
<stat pass="3" fail="0" skip="0">All Tests</stat>
</total>
<tag>
</tag>
<suite>
<stat pass="3" fail="0" skip="0" id="s1" name="LoginPage">LoginPage</stat>
</suite>
</statistics>
<errors>
</errors>
</robot>
